<?xml version="1.0" encoding="UTF-8"?>
<coverage generated="1705334637447" clover="3.2.0">
  <project timestamp="1705334637448" name="All files">
    <metrics statements="61" coveredstatements="56" conditionals="30" coveredconditionals="28" methods="18" coveredmethods="17" elements="109" coveredelements="101" complexity="0" loc="61" ncloc="61" packages="1" files="3" classes="3"/>
    <file name="bst-node.js" path="/home/shekinah/Moringa/Phase-3/Binary-search-tree/CSF/src/bst-node.js">
      <metrics statements="3" coveredstatements="3" conditionals="0" coveredconditionals="0" methods="1" coveredmethods="1"/>
      <line num="4" count="216" type="stmt"/>
      <line num="5" count="216" type="stmt"/>
      <line num="6" count="216" type="stmt"/>
    </file>
    <file name="bst.js" path="/home/shekinah/Moringa/Phase-3/Binary-search-tree/CSF/src/bst.js">
      <metrics statements="38" coveredstatements="37" conditionals="24" coveredconditionals="23" methods="8" coveredmethods="8"/>
      <line num="6" count="20" type="stmt"/>
      <line num="10" count="215" type="cond" truecount="2" falsecount="0"/>
      <line num="11" count="19" type="stmt"/>
      <line num="13" count="196" type="stmt"/>
      <line num="18" count="1093" type="cond" truecount="2" falsecount="0"/>
      <line num="19" count="207" type="cond" truecount="2" falsecount="0"/>
      <line num="20" count="52" type="stmt"/>
      <line num="22" count="155" type="stmt"/>
      <line num="25" count="886" type="cond" truecount="2" falsecount="0"/>
      <line num="26" count="144" type="stmt"/>
      <line num="28" count="742" type="stmt"/>
      <line num="34" count="4" type="stmt"/>
      <line num="38" count="18" type="cond" truecount="2" falsecount="0"/>
      <line num="39" count="2" type="stmt"/>
      <line num="42" count="16" type="cond" truecount="2" falsecount="0"/>
      <line num="43" count="2" type="stmt"/>
      <line num="46" count="14" type="cond" truecount="2" falsecount="0"/>
      <line num="47" count="4" type="stmt"/>
      <line num="49" count="10" type="stmt"/>
      <line num="54" count="7" type="stmt"/>
      <line num="55" count="22" type="cond" truecount="2" falsecount="0"/>
      <line num="56" count="1" type="stmt"/>
      <line num="59" count="21" type="cond" truecount="2" falsecount="0"/>
      <line num="60" count="5" type="stmt"/>
      <line num="61" count="16" type="cond" truecount="2" falsecount="0"/>
      <line num="62" count="5" type="stmt"/>
      <line num="64" count="11" type="cond" truecount="2" falsecount="0"/>
      <line num="65" count="6" type="stmt"/>
      <line num="66" count="5" type="cond" truecount="1" falsecount="1"/>
      <line num="67" count="0" type="stmt"/>
      <line num="70" count="5" type="stmt"/>
      <line num="71" count="5" type="stmt"/>
      <line num="73" count="15" type="stmt"/>
      <line num="76" count="7" type="stmt"/>
      <line num="80" count="5" type="stmt"/>
      <line num="81" count="5" type="stmt"/>
      <line num="82" count="2" type="stmt"/>
      <line num="84" count="5" type="stmt"/>
    </file>
    <file name="graph.js" path="/home/shekinah/Moringa/Phase-3/Binary-search-tree/CSF/src/graph.js">
      <metrics statements="20" coveredstatements="16" conditionals="6" coveredconditionals="5" methods="9" coveredmethods="8"/>
      <line num="3" count="10" type="stmt"/>
      <line num="6" count="13" type="stmt"/>
      <line num="9" count="3" type="cond" truecount="2" falsecount="0"/>
      <line num="10" count="1" type="stmt"/>
      <line num="12" count="2" type="stmt"/>
      <line num="15" count="0" type="stmt"/>
      <line num="16" count="0" type="stmt"/>
      <line num="17" count="0" type="stmt"/>
      <line num="18" count="0" type="stmt"/>
      <line num="21" count="6" type="stmt"/>
      <line num="22" count="6" type="stmt"/>
      <line num="25" count="4" type="cond" truecount="2" falsecount="0"/>
      <line num="26" count="1" type="stmt"/>
      <line num="28" count="3" type="stmt"/>
      <line num="31" count="1" type="stmt"/>
      <line num="32" count="1" type="stmt"/>
      <line num="35" count="1" type="cond" truecount="1" falsecount="1"/>
      <line num="36" count="1" type="stmt"/>
      <line num="37" count="2" type="stmt"/>
      <line num="39" count="1" type="stmt"/>
    </file>
  </project>
</coverage>
