{"/home/shekinah/Moringa/Phase-3/Binary-search-tree/CSF/src/bfs.js": {"path":"/home/shekinah/Moringa/Phase-3/Binary-search-tree/CSF/src/bfs.js","statementMap":{"0":{"start":{"line":5,"column":6},"end":{"line":5,"column":37}},"1":{"start":{"line":9,"column":6},"end":{"line":9,"column":39}},"2":{"start":{"line":13,"column":6},"end":{"line":13,"column":48}},"3":{"start":{"line":14,"column":6},"end":{"line":14,"column":48}},"4":{"start":{"line":18,"column":6},"end":{"line":20,"column":7}},"5":{"start":{"line":19,"column":8},"end":{"line":19,"column":21}},"6":{"start":{"line":22,"column":22},"end":{"line":22,"column":31}},"7":{"start":{"line":23,"column":20},"end":{"line":23,"column":31}},"8":{"start":{"line":25,"column":6},"end":{"line":36,"column":7}},"9":{"start":{"line":26,"column":24},"end":{"line":26,"column":37}},"10":{"start":{"line":28,"column":8},"end":{"line":30,"column":9}},"11":{"start":{"line":29,"column":10},"end":{"line":29,"column":22}},"12":{"start":{"line":32,"column":8},"end":{"line":35,"column":9}},"13":{"start":{"line":33,"column":10},"end":{"line":33,"column":31}},"14":{"start":{"line":34,"column":10},"end":{"line":34,"column":57}},"15":{"start":{"line":38,"column":6},"end":{"line":38,"column":19}}},"fnMap":{"0":{"name":"(anonymous_0)","decl":{"start":{"line":4,"column":4},"end":{"line":4,"column":5}},"loc":{"start":{"line":4,"column":18},"end":{"line":6,"column":5}},"line":4},"1":{"name":"(anonymous_1)","decl":{"start":{"line":8,"column":4},"end":{"line":8,"column":5}},"loc":{"start":{"line":8,"column":18},"end":{"line":10,"column":5}},"line":8},"2":{"name":"(anonymous_2)","decl":{"start":{"line":12,"column":4},"end":{"line":12,"column":5}},"loc":{"start":{"line":12,"column":29},"end":{"line":15,"column":5}},"line":12},"3":{"name":"(anonymous_3)","decl":{"start":{"line":17,"column":4},"end":{"line":17,"column":5}},"loc":{"start":{"line":17,"column":49},"end":{"line":39,"column":5}},"line":17}},"branchMap":{"0":{"loc":{"start":{"line":18,"column":6},"end":{"line":20,"column":7}},"type":"if","locations":[{"start":{"line":18,"column":6},"end":{"line":20,"column":7}},{"start":{},"end":{}}],"line":18},"1":{"loc":{"start":{"line":18,"column":10},"end":{"line":18,"column":83}},"type":"binary-expr","locations":[{"start":{"line":18,"column":10},"end":{"line":18,"column":44}},{"start":{"line":18,"column":48},"end":{"line":18,"column":83}}],"line":18},"2":{"loc":{"start":{"line":28,"column":8},"end":{"line":30,"column":9}},"type":"if","locations":[{"start":{"line":28,"column":8},"end":{"line":30,"column":9}},{"start":{},"end":{}}],"line":28},"3":{"loc":{"start":{"line":32,"column":8},"end":{"line":35,"column":9}},"type":"if","locations":[{"start":{"line":32,"column":8},"end":{"line":35,"column":9}},{"start":{},"end":{}}],"line":32}},"s":{"0":4,"1":32,"2":28,"3":28,"4":4,"5":2,"6":2,"7":2,"8":2,"9":17,"10":17,"11":1,"12":16,"13":8,"14":8,"15":1},"f":{"0":4,"1":32,"2":28,"3":4},"b":{"0":[2,2],"1":[4,3],"2":[1,16],"3":[8,8]},"_coverageSchema":"1a1c01bbd47fc00a2c39e90264f33305004495a9","hash":"82b1ccb09e585aaa9647d4f4b89e11fc16e46fbf"}
,"/home/shekinah/Moringa/Phase-3/Binary-search-tree/CSF/src/bst-node.js": {"path":"/home/shekinah/Moringa/Phase-3/Binary-search-tree/CSF/src/bst-node.js","statementMap":{"0":{"start":{"line":4,"column":4},"end":{"line":4,"column":21}},"1":{"start":{"line":5,"column":4},"end":{"line":5,"column":21}},"2":{"start":{"line":6,"column":4},"end":{"line":6,"column":22}}},"fnMap":{"0":{"name":"(anonymous_0)","decl":{"start":{"line":3,"column":2},"end":{"line":3,"column":3}},"loc":{"start":{"line":3,"column":20},"end":{"line":7,"column":3}},"line":3}},"branchMap":{},"s":{"0":216,"1":216,"2":216},"f":{"0":216},"b":{},"_coverageSchema":"1a1c01bbd47fc00a2c39e90264f33305004495a9","hash":"e674f61f4fb4bd5fae1e02d6fc5f05798c8bc3eb"}
,"/home/shekinah/Moringa/Phase-3/Binary-search-tree/CSF/src/bst.js": {"path":"/home/shekinah/Moringa/Phase-3/Binary-search-tree/CSF/src/bst.js","statementMap":{"0":{"start":{"line":6,"column":4},"end":{"line":6,"column":21}},"1":{"start":{"line":10,"column":4},"end":{"line":14,"column":5}},"2":{"start":{"line":11,"column":6},"end":{"line":11,"column":23}},"3":{"start":{"line":13,"column":6},"end":{"line":13,"column":39}},"4":{"start":{"line":18,"column":4},"end":{"line":30,"column":5}},"5":{"start":{"line":19,"column":6},"end":{"line":23,"column":7}},"6":{"start":{"line":20,"column":8},"end":{"line":20,"column":28}},"7":{"start":{"line":22,"column":8},"end":{"line":22,"column":44}},"8":{"start":{"line":25,"column":6},"end":{"line":29,"column":7}},"9":{"start":{"line":26,"column":8},"end":{"line":26,"column":29}},"10":{"start":{"line":28,"column":8},"end":{"line":28,"column":45}},"11":{"start":{"line":34,"column":4},"end":{"line":34,"column":45}},"12":{"start":{"line":38,"column":4},"end":{"line":40,"column":5}},"13":{"start":{"line":39,"column":6},"end":{"line":39,"column":19}},"14":{"start":{"line":42,"column":4},"end":{"line":44,"column":5}},"15":{"start":{"line":43,"column":6},"end":{"line":43,"column":18}},"16":{"start":{"line":46,"column":4},"end":{"line":50,"column":5}},"17":{"start":{"line":47,"column":6},"end":{"line":47,"column":47}},"18":{"start":{"line":49,"column":6},"end":{"line":49,"column":48}},"19":{"start":{"line":54,"column":21},"end":{"line":74,"column":5}},"20":{"start":{"line":55,"column":6},"end":{"line":57,"column":7}},"21":{"start":{"line":56,"column":8},"end":{"line":56,"column":20}},"22":{"start":{"line":59,"column":6},"end":{"line":72,"column":7}},"23":{"start":{"line":60,"column":8},"end":{"line":60,"column":45}},"24":{"start":{"line":61,"column":13},"end":{"line":72,"column":7}},"25":{"start":{"line":62,"column":8},"end":{"line":62,"column":47}},"26":{"start":{"line":64,"column":8},"end":{"line":68,"column":9}},"27":{"start":{"line":65,"column":10},"end":{"line":65,"column":28}},"28":{"start":{"line":66,"column":15},"end":{"line":68,"column":9}},"29":{"start":{"line":67,"column":10},"end":{"line":67,"column":27}},"30":{"start":{"line":70,"column":8},"end":{"line":70,"column":46}},"31":{"start":{"line":71,"column":8},"end":{"line":71,"column":53}},"32":{"start":{"line":73,"column":6},"end":{"line":73,"column":18}},"33":{"start":{"line":76,"column":4},"end":{"line":76,"column":43}},"34":{"start":{"line":80,"column":18},"end":{"line":80,"column":22}},"35":{"start":{"line":81,"column":4},"end":{"line":83,"column":5}},"36":{"start":{"line":82,"column":6},"end":{"line":82,"column":29}},"37":{"start":{"line":84,"column":4},"end":{"line":84,"column":24}}},"fnMap":{"0":{"name":"(anonymous_0)","decl":{"start":{"line":5,"column":2},"end":{"line":5,"column":3}},"loc":{"start":{"line":5,"column":16},"end":{"line":7,"column":3}},"line":5},"1":{"name":"(anonymous_1)","decl":{"start":{"line":9,"column":2},"end":{"line":9,"column":3}},"loc":{"start":{"line":9,"column":15},"end":{"line":15,"column":3}},"line":9},"2":{"name":"(anonymous_2)","decl":{"start":{"line":17,"column":2},"end":{"line":17,"column":3}},"loc":{"start":{"line":17,"column":28},"end":{"line":31,"column":3}},"line":17},"3":{"name":"(anonymous_3)","decl":{"start":{"line":33,"column":2},"end":{"line":33,"column":3}},"loc":{"start":{"line":33,"column":16},"end":{"line":35,"column":3}},"line":33},"4":{"name":"(anonymous_4)","decl":{"start":{"line":37,"column":2},"end":{"line":37,"column":3}},"loc":{"start":{"line":37,"column":26},"end":{"line":51,"column":3}},"line":37},"5":{"name":"(anonymous_5)","decl":{"start":{"line":53,"column":2},"end":{"line":53,"column":3}},"loc":{"start":{"line":53,"column":16},"end":{"line":77,"column":3}},"line":53},"6":{"name":"(anonymous_6)","decl":{"start":{"line":54,"column":21},"end":{"line":54,"column":22}},"loc":{"start":{"line":54,"column":36},"end":{"line":74,"column":5}},"line":54},"7":{"name":"(anonymous_7)","decl":{"start":{"line":79,"column":2},"end":{"line":79,"column":3}},"loc":{"start":{"line":79,"column":17},"end":{"line":85,"column":3}},"line":79}},"branchMap":{"0":{"loc":{"start":{"line":10,"column":4},"end":{"line":14,"column":5}},"type":"if","locations":[{"start":{"line":10,"column":4},"end":{"line":14,"column":5}},{"start":{"line":12,"column":11},"end":{"line":14,"column":5}}],"line":10},"1":{"loc":{"start":{"line":18,"column":4},"end":{"line":30,"column":5}},"type":"if","locations":[{"start":{"line":18,"column":4},"end":{"line":30,"column":5}},{"start":{"line":24,"column":11},"end":{"line":30,"column":5}}],"line":18},"2":{"loc":{"start":{"line":19,"column":6},"end":{"line":23,"column":7}},"type":"if","locations":[{"start":{"line":19,"column":6},"end":{"line":23,"column":7}},{"start":{"line":21,"column":13},"end":{"line":23,"column":7}}],"line":19},"3":{"loc":{"start":{"line":25,"column":6},"end":{"line":29,"column":7}},"type":"if","locations":[{"start":{"line":25,"column":6},"end":{"line":29,"column":7}},{"start":{"line":27,"column":13},"end":{"line":29,"column":7}}],"line":25},"4":{"loc":{"start":{"line":38,"column":4},"end":{"line":40,"column":5}},"type":"if","locations":[{"start":{"line":38,"column":4},"end":{"line":40,"column":5}},{"start":{},"end":{}}],"line":38},"5":{"loc":{"start":{"line":42,"column":4},"end":{"line":44,"column":5}},"type":"if","locations":[{"start":{"line":42,"column":4},"end":{"line":44,"column":5}},{"start":{},"end":{}}],"line":42},"6":{"loc":{"start":{"line":46,"column":4},"end":{"line":50,"column":5}},"type":"if","locations":[{"start":{"line":46,"column":4},"end":{"line":50,"column":5}},{"start":{"line":48,"column":11},"end":{"line":50,"column":5}}],"line":46},"7":{"loc":{"start":{"line":55,"column":6},"end":{"line":57,"column":7}},"type":"if","locations":[{"start":{"line":55,"column":6},"end":{"line":57,"column":7}},{"start":{},"end":{}}],"line":55},"8":{"loc":{"start":{"line":59,"column":6},"end":{"line":72,"column":7}},"type":"if","locations":[{"start":{"line":59,"column":6},"end":{"line":72,"column":7}},{"start":{"line":61,"column":13},"end":{"line":72,"column":7}}],"line":59},"9":{"loc":{"start":{"line":61,"column":13},"end":{"line":72,"column":7}},"type":"if","locations":[{"start":{"line":61,"column":13},"end":{"line":72,"column":7}},{"start":{"line":63,"column":13},"end":{"line":72,"column":7}}],"line":61},"10":{"loc":{"start":{"line":64,"column":8},"end":{"line":68,"column":9}},"type":"if","locations":[{"start":{"line":64,"column":8},"end":{"line":68,"column":9}},{"start":{"line":66,"column":15},"end":{"line":68,"column":9}}],"line":64},"11":{"loc":{"start":{"line":66,"column":15},"end":{"line":68,"column":9}},"type":"if","locations":[{"start":{"line":66,"column":15},"end":{"line":68,"column":9}},{"start":{},"end":{}}],"line":66}},"s":{"0":20,"1":215,"2":19,"3":196,"4":1093,"5":207,"6":52,"7":155,"8":886,"9":144,"10":742,"11":4,"12":18,"13":2,"14":16,"15":2,"16":14,"17":4,"18":10,"19":7,"20":22,"21":1,"22":21,"23":5,"24":16,"25":5,"26":11,"27":6,"28":5,"29":0,"30":5,"31":5,"32":15,"33":7,"34":5,"35":5,"36":2,"37":5},"f":{"0":20,"1":215,"2":1093,"3":4,"4":18,"5":7,"6":22,"7":5},"b":{"0":[19,196],"1":[207,886],"2":[52,155],"3":[144,742],"4":[2,16],"5":[2,14],"6":[4,10],"7":[1,21],"8":[5,16],"9":[5,11],"10":[6,5],"11":[0,5]},"_coverageSchema":"1a1c01bbd47fc00a2c39e90264f33305004495a9","hash":"1b17ecbe08fc78b4c4dd9e00a202aad92b189b83"}
,"/home/shekinah/Moringa/Phase-3/Binary-search-tree/CSF/src/graph.js": {"path":"/home/shekinah/Moringa/Phase-3/Binary-search-tree/CSF/src/graph.js","statementMap":{"0":{"start":{"line":3,"column":6},"end":{"line":3,"column":37}},"1":{"start":{"line":6,"column":8},"end":{"line":6,"column":48}},"2":{"start":{"line":9,"column":8},"end":{"line":11,"column":9}},"3":{"start":{"line":10,"column":10},"end":{"line":10,"column":22}},"4":{"start":{"line":12,"column":8},"end":{"line":12,"column":21}},"5":{"start":{"line":15,"column":15},"end":{"line":15,"column":44}},"6":{"start":{"line":16,"column":15},"end":{"line":16,"column":44}},"7":{"start":{"line":17,"column":4},"end":{"line":17,"column":20}},"8":{"start":{"line":18,"column":4},"end":{"line":18,"column":20}},"9":{"start":{"line":21,"column":4},"end":{"line":21,"column":45}},"10":{"start":{"line":22,"column":4},"end":{"line":22,"column":45}},"11":{"start":{"line":25,"column":4},"end":{"line":27,"column":5}},"12":{"start":{"line":26,"column":6},"end":{"line":26,"column":17}},"13":{"start":{"line":28,"column":4},"end":{"line":28,"column":17}},"14":{"start":{"line":31,"column":4},"end":{"line":31,"column":48}},"15":{"start":{"line":32,"column":4},"end":{"line":32,"column":48}},"16":{"start":{"line":35,"column":4},"end":{"line":40,"column":5}},"17":{"start":{"line":36,"column":6},"end":{"line":38,"column":9}},"18":{"start":{"line":37,"column":8},"end":{"line":37,"column":50}},"19":{"start":{"line":39,"column":6},"end":{"line":39,"column":38}},"20":{"start":{"line":43,"column":4},"end":{"line":45,"column":5}},"21":{"start":{"line":44,"column":6},"end":{"line":44,"column":19}},"22":{"start":{"line":47,"column":18},"end":{"line":47,"column":32}},"23":{"start":{"line":48,"column":20},"end":{"line":48,"column":29}},"24":{"start":{"line":50,"column":4},"end":{"line":65,"column":5}},"25":{"start":{"line":51,"column":26},"end":{"line":51,"column":37}},"26":{"start":{"line":53,"column":6},"end":{"line":55,"column":7}},"27":{"start":{"line":54,"column":8},"end":{"line":54,"column":20}},"28":{"start":{"line":57,"column":6},"end":{"line":57,"column":31}},"29":{"start":{"line":59,"column":24},"end":{"line":59,"column":65}},"30":{"start":{"line":60,"column":6},"end":{"line":64,"column":7}},"31":{"start":{"line":61,"column":8},"end":{"line":63,"column":9}},"32":{"start":{"line":62,"column":10},"end":{"line":62,"column":31}},"33":{"start":{"line":67,"column":4},"end":{"line":67,"column":17}}},"fnMap":{"0":{"name":"(anonymous_0)","decl":{"start":{"line":2,"column":4},"end":{"line":2,"column":5}},"loc":{"start":{"line":2,"column":18},"end":{"line":4,"column":5}},"line":2},"1":{"name":"(anonymous_1)","decl":{"start":{"line":5,"column":4},"end":{"line":5,"column":5}},"loc":{"start":{"line":5,"column":18},"end":{"line":7,"column":7}},"line":5},"2":{"name":"(anonymous_2)","decl":{"start":{"line":8,"column":6},"end":{"line":8,"column":7}},"loc":{"start":{"line":8,"column":20},"end":{"line":13,"column":3}},"line":8},"3":{"name":"(anonymous_3)","decl":{"start":{"line":14,"column":2},"end":{"line":14,"column":3}},"loc":{"start":{"line":14,"column":27},"end":{"line":19,"column":3}},"line":14},"4":{"name":"(anonymous_4)","decl":{"start":{"line":20,"column":2},"end":{"line":20,"column":3}},"loc":{"start":{"line":20,"column":27},"end":{"line":23,"column":3}},"line":20},"5":{"name":"(anonymous_5)","decl":{"start":{"line":24,"column":2},"end":{"line":24,"column":3}},"loc":{"start":{"line":24,"column":24},"end":{"line":29,"column":3}},"line":24},"6":{"name":"(anonymous_6)","decl":{"start":{"line":30,"column":2},"end":{"line":30,"column":3}},"loc":{"start":{"line":30,"column":27},"end":{"line":33,"column":3}},"line":30},"7":{"name":"(anonymous_7)","decl":{"start":{"line":34,"column":2},"end":{"line":34,"column":3}},"loc":{"start":{"line":34,"column":19},"end":{"line":41,"column":3}},"line":34},"8":{"name":"(anonymous_8)","decl":{"start":{"line":36,"column":43},"end":{"line":36,"column":44}},"loc":{"start":{"line":36,"column":53},"end":{"line":38,"column":7}},"line":36},"9":{"name":"(anonymous_9)","decl":{"start":{"line":42,"column":2},"end":{"line":42,"column":3}},"loc":{"start":{"line":42,"column":48},"end":{"line":68,"column":3}},"line":42}},"branchMap":{"0":{"loc":{"start":{"line":9,"column":8},"end":{"line":11,"column":9}},"type":"if","locations":[{"start":{"line":9,"column":8},"end":{"line":11,"column":9}},{"start":{},"end":{}}],"line":9},"1":{"loc":{"start":{"line":25,"column":4},"end":{"line":27,"column":5}},"type":"if","locations":[{"start":{"line":25,"column":4},"end":{"line":27,"column":5}},{"start":{},"end":{}}],"line":25},"2":{"loc":{"start":{"line":35,"column":4},"end":{"line":40,"column":5}},"type":"if","locations":[{"start":{"line":35,"column":4},"end":{"line":40,"column":5}},{"start":{},"end":{}}],"line":35},"3":{"loc":{"start":{"line":43,"column":4},"end":{"line":45,"column":5}},"type":"if","locations":[{"start":{"line":43,"column":4},"end":{"line":45,"column":5}},{"start":{},"end":{}}],"line":43},"4":{"loc":{"start":{"line":43,"column":8},"end":{"line":43,"column":84}},"type":"binary-expr","locations":[{"start":{"line":43,"column":8},"end":{"line":43,"column":45}},{"start":{"line":43,"column":49},"end":{"line":43,"column":84}}],"line":43},"5":{"loc":{"start":{"line":53,"column":6},"end":{"line":55,"column":7}},"type":"if","locations":[{"start":{"line":53,"column":6},"end":{"line":55,"column":7}},{"start":{},"end":{}}],"line":53},"6":{"loc":{"start":{"line":59,"column":24},"end":{"line":59,"column":65}},"type":"binary-expr","locations":[{"start":{"line":59,"column":24},"end":{"line":59,"column":59}},{"start":{"line":59,"column":63},"end":{"line":59,"column":65}}],"line":59},"7":{"loc":{"start":{"line":61,"column":8},"end":{"line":63,"column":9}},"type":"if","locations":[{"start":{"line":61,"column":8},"end":{"line":63,"column":9}},{"start":{},"end":{}}],"line":61},"8":{"loc":{"start":{"line":61,"column":12},"end":{"line":61,"column":63}},"type":"binary-expr","locations":[{"start":{"line":61,"column":12},"end":{"line":61,"column":34}},{"start":{"line":61,"column":38},"end":{"line":61,"column":63}}],"line":61}},"s":{"0":14,"1":45,"2":3,"3":1,"4":2,"5":0,"6":0,"7":0,"8":0,"9":34,"10":34,"11":4,"12":1,"13":3,"14":1,"15":1,"16":1,"17":1,"18":2,"19":1,"20":4,"21":2,"22":2,"23":2,"24":2,"25":12,"26":12,"27":1,"28":11,"29":11,"30":11,"31":22,"32":10,"33":1},"f":{"0":14,"1":45,"2":3,"3":0,"4":34,"5":4,"6":1,"7":1,"8":2,"9":4},"b":{"0":[1,2],"1":[1,3],"2":[1,0],"3":[2,2],"4":[4,3],"5":[1,11],"6":[11,0],"7":[10,12],"8":[22,12]},"_coverageSchema":"1a1c01bbd47fc00a2c39e90264f33305004495a9","hash":"ef7a126ab64a263dc0f93ba000e60d1825ea15a2"}
}
