{"/home/shekinah/Moringa/Phase-3/Binary-search-tree/CSF/src/bst-node.js": {"path":"/home/shekinah/Moringa/Phase-3/Binary-search-tree/CSF/src/bst-node.js","statementMap":{"0":{"start":{"line":4,"column":4},"end":{"line":4,"column":21}},"1":{"start":{"line":5,"column":4},"end":{"line":5,"column":21}},"2":{"start":{"line":6,"column":4},"end":{"line":6,"column":22}}},"fnMap":{"0":{"name":"(anonymous_0)","decl":{"start":{"line":3,"column":2},"end":{"line":3,"column":3}},"loc":{"start":{"line":3,"column":20},"end":{"line":7,"column":3}},"line":3}},"branchMap":{},"s":{"0":6,"1":6,"2":6},"f":{"0":6},"b":{},"_coverageSchema":"1a1c01bbd47fc00a2c39e90264f33305004495a9","hash":"e674f61f4fb4bd5fae1e02d6fc5f05798c8bc3eb"}
,"/home/shekinah/Moringa/Phase-3/Binary-search-tree/CSF/src/bst.js": {"path":"/home/shekinah/Moringa/Phase-3/Binary-search-tree/CSF/src/bst.js","statementMap":{"0":{"start":{"line":7,"column":6},"end":{"line":7,"column":23}},"1":{"start":{"line":11,"column":8},"end":{"line":17,"column":9}},"2":{"start":{"line":12,"column":10},"end":{"line":12,"column":27}},"3":{"start":{"line":13,"column":15},"end":{"line":17,"column":9}},"4":{"start":{"line":14,"column":10},"end":{"line":14,"column":32}},"5":{"start":{"line":15,"column":15},"end":{"line":17,"column":9}},"6":{"start":{"line":16,"column":10},"end":{"line":16,"column":33}}},"fnMap":{"0":{"name":"(anonymous_0)","decl":{"start":{"line":6,"column":4},"end":{"line":6,"column":5}},"loc":{"start":{"line":6,"column":18},"end":{"line":8,"column":5}},"line":6},"1":{"name":"(anonymous_1)","decl":{"start":{"line":10,"column":4},"end":{"line":10,"column":5}},"loc":{"start":{"line":10,"column":17},"end":{"line":18,"column":7}},"line":10}},"branchMap":{"0":{"loc":{"start":{"line":11,"column":8},"end":{"line":17,"column":9}},"type":"if","locations":[{"start":{"line":11,"column":8},"end":{"line":17,"column":9}},{"start":{"line":13,"column":15},"end":{"line":17,"column":9}}],"line":11},"1":{"loc":{"start":{"line":13,"column":15},"end":{"line":17,"column":9}},"type":"if","locations":[{"start":{"line":13,"column":15},"end":{"line":17,"column":9}},{"start":{"line":15,"column":15},"end":{"line":17,"column":9}}],"line":13},"2":{"loc":{"start":{"line":15,"column":15},"end":{"line":17,"column":9}},"type":"if","locations":[{"start":{"line":15,"column":15},"end":{"line":17,"column":9}},{"start":{},"end":{}}],"line":15}},"s":{"0":4,"1":5,"2":3,"3":2,"4":1,"5":1,"6":1},"f":{"0":4,"1":5},"b":{"0":[3,2],"1":[1,1],"2":[1,0]},"_coverageSchema":"1a1c01bbd47fc00a2c39e90264f33305004495a9","hash":"5713a36c84894a225b525502e4fa08d4a1636c0f"}
}
