TN:
SF:src/bst-node.js
FN:3,(anonymous_0)
FNF:1
FNH:1
FNDA:62,(anonymous_0)
DA:4,62
DA:5,62
DA:6,62
LF:3
LH:3
BRF:0
BRH:0
end_of_record
TN:
SF:src/bst.js
FN:5,(anonymous_0)
FN:9,(anonymous_1)
FN:17,(anonymous_2)
FN:33,(anonymous_3)
FN:37,(anonymous_4)
FNF:5
FNH:5
FNDA:5,(anonymous_0)
FNDA:61,(anonymous_1)
FNDA:306,(anonymous_2)
FNDA:4,(anonymous_3)
FNDA:18,(anonymous_4)
DA:6,5
DA:10,61
DA:11,4
DA:13,57
DA:18,306
DA:19,69
DA:20,7
DA:22,62
DA:25,237
DA:26,50
DA:28,187
DA:34,4
DA:38,18
DA:39,2
DA:42,16
DA:43,2
DA:46,14
DA:47,4
DA:49,10
LF:19
LH:19
BRDA:10,0,0,4
BRDA:10,0,1,57
BRDA:18,1,0,69
BRDA:18,1,1,237
BRDA:19,2,0,7
BRDA:19,2,1,62
BRDA:25,3,0,50
BRDA:25,3,1,187
BRDA:38,4,0,2
BRDA:38,4,1,16
BRDA:42,5,0,2
BRDA:42,5,1,14
BRDA:46,6,0,4
BRDA:46,6,1,10
BRF:14
BRH:14
end_of_record
