TN:
SF:src/bfs.js
FN:4,(anonymous_0)
FN:8,(anonymous_1)
FN:12,(anonymous_2)
FN:17,(anonymous_3)
FNF:4
FNH:4
FNDA:4,(anonymous_0)
FNDA:32,(anonymous_1)
FNDA:28,(anonymous_2)
FNDA:4,(anonymous_3)
DA:5,4
DA:9,32
DA:13,28
DA:14,28
DA:18,4
DA:19,2
DA:22,2
DA:23,2
DA:25,2
DA:26,17
DA:28,17
DA:29,1
DA:32,16
DA:33,8
DA:34,8
DA:38,1
LF:16
LH:16
BRDA:18,0,0,2
BRDA:18,0,1,2
BRDA:18,1,0,4
BRDA:18,1,1,3
BRDA:28,2,0,1
BRDA:28,2,1,16
BRDA:32,3,0,8
BRDA:32,3,1,8
BRF:8
BRH:8
end_of_record
TN:
SF:src/bst-node.js
FN:3,(anonymous_0)
FNF:1
FNH:1
FNDA:216,(anonymous_0)
DA:4,216
DA:5,216
DA:6,216
LF:3
LH:3
BRF:0
BRH:0
end_of_record
TN:
SF:src/bst.js
FN:5,(anonymous_0)
FN:9,(anonymous_1)
FN:17,(anonymous_2)
FN:33,(anonymous_3)
FN:37,(anonymous_4)
FN:53,(anonymous_5)
FN:54,(anonymous_6)
FN:79,(anonymous_7)
FNF:8
FNH:8
FNDA:20,(anonymous_0)
FNDA:215,(anonymous_1)
FNDA:1093,(anonymous_2)
FNDA:4,(anonymous_3)
FNDA:18,(anonymous_4)
FNDA:7,(anonymous_5)
FNDA:22,(anonymous_6)
FNDA:5,(anonymous_7)
DA:6,20
DA:10,215
DA:11,19
DA:13,196
DA:18,1093
DA:19,207
DA:20,52
DA:22,155
DA:25,886
DA:26,144
DA:28,742
DA:34,4
DA:38,18
DA:39,2
DA:42,16
DA:43,2
DA:46,14
DA:47,4
DA:49,10
DA:54,7
DA:55,22
DA:56,1
DA:59,21
DA:60,5
DA:61,16
DA:62,5
DA:64,11
DA:65,6
DA:66,5
DA:67,0
DA:70,5
DA:71,5
DA:73,15
DA:76,7
DA:80,5
DA:81,5
DA:82,2
DA:84,5
LF:38
LH:37
BRDA:10,0,0,19
BRDA:10,0,1,196
BRDA:18,1,0,207
BRDA:18,1,1,886
BRDA:19,2,0,52
BRDA:19,2,1,155
BRDA:25,3,0,144
BRDA:25,3,1,742
BRDA:38,4,0,2
BRDA:38,4,1,16
BRDA:42,5,0,2
BRDA:42,5,1,14
BRDA:46,6,0,4
BRDA:46,6,1,10
BRDA:55,7,0,1
BRDA:55,7,1,21
BRDA:59,8,0,5
BRDA:59,8,1,16
BRDA:61,9,0,5
BRDA:61,9,1,11
BRDA:64,10,0,6
BRDA:64,10,1,5
BRDA:66,11,0,0
BRDA:66,11,1,5
BRF:24
BRH:23
end_of_record
TN:
SF:src/graph.js
FN:2,(anonymous_0)
FN:5,(anonymous_1)
FN:8,(anonymous_2)
FN:14,(anonymous_3)
FN:20,(anonymous_4)
FN:24,(anonymous_5)
FN:30,(anonymous_6)
FN:34,(anonymous_7)
FN:36,(anonymous_8)
FN:42,(anonymous_9)
FNF:10
FNH:9
FNDA:14,(anonymous_0)
FNDA:45,(anonymous_1)
FNDA:3,(anonymous_2)
FNDA:0,(anonymous_3)
FNDA:34,(anonymous_4)
FNDA:4,(anonymous_5)
FNDA:1,(anonymous_6)
FNDA:1,(anonymous_7)
FNDA:2,(anonymous_8)
FNDA:4,(anonymous_9)
DA:3,14
DA:6,45
DA:9,3
DA:10,1
DA:12,2
DA:15,0
DA:16,0
DA:17,0
DA:18,0
DA:21,34
DA:22,34
DA:25,4
DA:26,1
DA:28,3
DA:31,1
DA:32,1
DA:35,1
DA:36,1
DA:37,2
DA:39,1
DA:43,4
DA:44,2
DA:47,2
DA:48,2
DA:50,2
DA:51,12
DA:53,12
DA:54,1
DA:57,11
DA:59,11
DA:60,11
DA:61,22
DA:62,10
DA:67,1
LF:34
LH:30
BRDA:9,0,0,1
BRDA:9,0,1,2
BRDA:25,1,0,1
BRDA:25,1,1,3
BRDA:35,2,0,1
BRDA:35,2,1,0
BRDA:43,3,0,2
BRDA:43,3,1,2
BRDA:43,4,0,4
BRDA:43,4,1,3
BRDA:53,5,0,1
BRDA:53,5,1,11
BRDA:59,6,0,11
BRDA:59,6,1,0
BRDA:61,7,0,10
BRDA:61,7,1,12
BRDA:61,8,0,22
BRDA:61,8,1,12
BRF:18
BRH:16
end_of_record
